<?xml version="1.0" encoding="UTF-8"?>
<!-- Generated by org.testng.reporters.JUnitXMLReporter -->
<testsuite hostname="gi-rafffa.local" name="Test" tests="4" failures="0" timestamp="26 Jul 2016 15:28:37 GMT" time="31.87" errors="0">
  <testcase name="firstVisitNoPopup" time="4.113" classname="de.zipjet.tests.IntentPopupTest"/>
  <testcase name="popUpForNewCustomerSecondTime" time="6.052" classname="de.zipjet.tests.IntentPopupTest"/>
  <testcase name="refreshSessionNotExpiredNoPopup" time="5.988" classname="de.zipjet.tests.IntentPopupTest"/>
  <testcase name="thirdVisitNoPopup" time="8.305" classname="de.zipjet.tests.IntentPopupTest"/>
</testsuite> <!-- Test -->
