<?xml version="1.0" encoding="UTF-8"?>
<!-- Generated by org.testng.reporters.JUnitXMLReporter -->
<testsuite hostname="gi-rafffa.local" name="Command line test" tests="5" failures="0" timestamp="26 Jul 2016 15:29:34 GMT" time="40.571" errors="0">
  <testcase name="firstVisitNoPopup" time="4.22" classname="de.zipjet.tests.IntentPopupTest"/>
  <testcase name="popUpForNewCustomerSecondTime" time="6.072" classname="de.zipjet.tests.IntentPopupTest"/>
  <testcase name="refreshSessionNotExpiredNoPopup" time="6.158" classname="de.zipjet.tests.IntentPopupTest"/>
  <testcase name="thirdVisitNoPopup" time="8.454" classname="de.zipjet.tests.IntentPopupTest"/>
  <testcase name="testEasy" time="9.878" classname="example.NewTest"/>
</testsuite> <!-- Command line test -->
